<?xml version="1.0" encoding="UTF-8"?>
<testng-results skipped="0" failed="1" ignored="0" total="1" passed="0">
  <reporter-output>
  </reporter-output>
  <suite name="Default suite" duration-ms="170" started-at="2019-02-28T03:17:50Z" finished-at="2019-02-28T03:17:51Z">
    <groups>
    </groups>
    <test name="Default test" duration-ms="170" started-at="2019-02-28T03:17:50Z" finished-at="2019-02-28T03:17:51Z">
      <class name="com.Parking_pages.Parking_Calculator">
        <test-method status="PASS" signature="beforeAllTestStart()[pri:0, instance:com.Parking_pages.Parking_Calculator@731a74c]" name="beforeAllTestStart" is-config="true" duration-ms="24" started-at="2019-02-27T22:17:50Z" finished-at="2019-02-27T22:17:50Z">
          <reporter-output>
          </reporter-output>
        </test-method> <!-- beforeAllTestStart -->
        <test-method status="FAIL" signature="dataDrivenTest(java.lang.String, java.lang.String, java.lang.String, java.lang.String, java.lang.String, java.lang.String)[pri:0, instance:com.Parking_pages.Parking_Calculator@731a74c]" name="dataDrivenTest" duration-ms="0" started-at="2019-02-27T22:17:51Z" data-provider="parkingcalculator" finished-at="2019-02-27T22:17:51Z">
          <exception class="org.testng.TestNGException">
            <message>
              <![CDATA[
Data Provider private java.lang.Object[][] com.Parking_pages.Parking_Calculator.parkingcalculator() must return either Object[][] or Iterator<Object>[], not class [[Ljava.lang.Object;]]>
            </message>
            <full-stacktrace>
              <![CDATA[org.testng.TestNGException: 
Data Provider private java.lang.Object[][] com.Parking_pages.Parking_Calculator.parkingcalculator() must return either Object[][] or Iterator<Object>[], not class [[Ljava.lang.Object;
	at org.testng.internal.MethodInvocationHelper.invokeDataProvider(MethodInvocationHelper.java:137)
	at org.testng.internal.Parameters.handleParameters(Parameters.java:509)
	at org.testng.internal.Invoker.handleParameters(Invoker.java:1308)
	at org.testng.internal.Invoker.createParameters(Invoker.java:1036)
	at org.testng.internal.Invoker.invokeTestMethods(Invoker.java:1126)
	at org.testng.internal.TestMethodWorker.invokeTestMethods(TestMethodWorker.java:126)
	at org.testng.internal.TestMethodWorker.run(TestMethodWorker.java:109)
	at org.testng.TestRunner.privateRun(TestRunner.java:744)
	at org.testng.TestRunner.run(TestRunner.java:602)
	at org.testng.SuiteRunner.runTest(SuiteRunner.java:380)
	at org.testng.SuiteRunner.runSequentially(SuiteRunner.java:375)
	at org.testng.SuiteRunner.privateRun(SuiteRunner.java:340)
	at org.testng.SuiteRunner.run(SuiteRunner.java:289)
	at org.testng.SuiteRunnerWorker.runSuite(SuiteRunnerWorker.java:52)
	at org.testng.SuiteRunnerWorker.run(SuiteRunnerWorker.java:86)
	at org.testng.TestNG.runSuitesSequentially(TestNG.java:1301)
	at org.testng.TestNG.runSuitesLocally(TestNG.java:1226)
	at org.testng.TestNG.runSuites(TestNG.java:1144)
	at org.testng.TestNG.run(TestNG.java:1115)
	at org.testng.remote.AbstractRemoteTestNG.run(AbstractRemoteTestNG.java:114)
	at org.testng.remote.RemoteTestNG.initAndRun(RemoteTestNG.java:251)
	at org.testng.remote.RemoteTestNG.main(RemoteTestNG.java:77)
]]>
            </full-stacktrace>
          </exception> <!-- org.testng.TestNGException -->
          <reporter-output>
          </reporter-output>
        </test-method> <!-- dataDrivenTest -->
        <test-method status="PASS" signature="afterAllTestCompleted()[pri:0, instance:com.Parking_pages.Parking_Calculator@731a74c]" name="afterAllTestCompleted" is-config="true" duration-ms="0" started-at="2019-02-27T22:17:51Z" finished-at="2019-02-27T22:17:51Z">
          <reporter-output>
          </reporter-output>
        </test-method> <!-- afterAllTestCompleted -->
      </class> <!-- com.Parking_pages.Parking_Calculator -->
    </test> <!-- Default test -->
  </suite> <!-- Default suite -->
</testng-results>
