<?xml version="1.0" encoding="UTF-8"?>
<!-- Generated by org.testng.reporters.JUnitXMLReporter -->
<testsuite ignored="0" hostname="DESKTOP-GQF8HD8" failures="0" tests="5" name="Default test" time="53.854" errors="0" timestamp="10 Feb 2019 03:42:09 GMT">
  <testcase classname="com.Parking_pages.Parking_Calculator" name="dataDrivenTest" time="3.179"/>
  <testcase classname="com.Parking_pages.Parking_Calculator" name="dataDrivenTest" time="3.19"/>
  <testcase classname="com.Parking_pages.Parking_Calculator" name="dataDrivenTest" time="3.099"/>
  <testcase classname="com.Parking_pages.Parking_Calculator" name="dataDrivenTest" time="3.172"/>
  <testcase classname="com.Parking_pages.Parking_Calculator" name="dataDrivenTest" time="3.08"/>
</testsuite> <!-- Default test -->
